{
  "RSpec": {
    "coverage": {
      "/Users/kn/Projects/hotel_engine_projects/cryptonite/app/facades/coins_facade.rb": {
        "lines": [
          1,
          null,
          1,
          1,
          294,
          null,
          null,
          null,
          null,
          null,
          null,
          null,
          null,
          null
        ]
      },
      "/Users/kn/Projects/hotel_engine_projects/cryptonite/app/models/coin.rb": {
        "lines": [
          1,
          1,
          null,
          1,
          18,
          18,
          18,
          18,
          null,
          null,
          1,
          4,
          4,
          null,
          4,
          2,
          2,
          1,
          null,
          1,
          null,
          null,
          null
        ]
      },
      "/Users/kn/Projects/hotel_engine_projects/cryptonite/app/models/application_record.rb": {
        "lines": [
          1,
          1,
          null
        ]
      },
      "/Users/kn/Projects/hotel_engine_projects/cryptonite/app/models/search.rb": {
        "lines": [
          1,
          1,
          null,
          1,
          10,
          null,
          10,
          10,
          10,
          10,
          10,
          null,
          10,
          null,
          null,
          null,
          null
        ]
      },
      "/Users/kn/Projects/hotel_engine_projects/cryptonite/app/services/coins_service.rb": {
        "lines": [
          1,
          null,
          1,
          2,
          null,
          2,
          null,
          null,
          1,
          null,
          1,
          2,
          null,
          null,
          1,
          2,
          null,
          null
        ]
      },
      "/Users/kn/Projects/hotel_engine_projects/cryptonite/app/controllers/api/v1/coins_controller.rb": {
        "lines": [
          1,
          null,
          1,
          10,
          10,
          null,
          null
        ]
      },
      "/Users/kn/Projects/hotel_engine_projects/cryptonite/app/controllers/application_controller.rb": {
        "lines": [
          1,
          1,
          null,
          1,
          1,
          null,
          null,
          null,
          null,
          null
        ]
      },
      "/Users/kn/Projects/hotel_engine_projects/cryptonite/app/serializers/coin_serializer.rb": {
        "lines": [
          1,
          1,
          1,
          null
        ]
      },
      "/Users/kn/Projects/hotel_engine_projects/cryptonite/app/controllers/api/v1/searches_controller.rb": {
        "lines": [
          1,
          null,
          1,
          9,
          9,
          8,
          8,
          8,
          null,
          null,
          1,
          null,
          1,
          9,
          9,
          9,
          9,
          9,
          null,
          null
        ]
      }
    },
    "timestamp": 1622925999
  }
}
